15-Sep-2021 10:43:45.331 정보 [main] org.apache.catalina.startup.VersionLoggerListener.log 서버 버전 이름:    Apache Tomcat/8.5.70
15-Sep-2021 10:43:45.346 정보 [main] org.apache.catalina.startup.VersionLoggerListener.log Server 빌드 시각:  Aug 9 2021 16:17:14 UTC
15-Sep-2021 10:43:45.346 정보 [main] org.apache.catalina.startup.VersionLoggerListener.log Server 버전 번호:  8.5.70.0
15-Sep-2021 10:43:45.346 정보 [main] org.apache.catalina.startup.VersionLoggerListener.log 운영체제 이름:     Windows 10
15-Sep-2021 10:43:45.346 정보 [main] org.apache.catalina.startup.VersionLoggerListener.log 운영체제 버전:     10.0
15-Sep-2021 10:43:45.346 정보 [main] org.apache.catalina.startup.VersionLoggerListener.log 아키텍처:          amd64
15-Sep-2021 10:43:45.347 정보 [main] org.apache.catalina.startup.VersionLoggerListener.log 자바 홈:           C:\Program Files\Java\jdk1.8.0_301\jre
15-Sep-2021 10:43:45.347 정보 [main] org.apache.catalina.startup.VersionLoggerListener.log JVM 버전:          1.8.0_301-b09
15-Sep-2021 10:43:45.347 정보 [main] org.apache.catalina.startup.VersionLoggerListener.log JVM 벤더:          Oracle Corporation
15-Sep-2021 10:43:45.347 정보 [main] org.apache.catalina.startup.VersionLoggerListener.log CATALINA_BASE:     C:\KOSTA224\WAS\web-tomcat
15-Sep-2021 10:43:45.347 정보 [main] org.apache.catalina.startup.VersionLoggerListener.log CATALINA_HOME:     C:\KOSTA224\WAS\web-tomcat
15-Sep-2021 10:43:45.348 정보 [main] org.apache.catalina.startup.VersionLoggerListener.log 명령 행 아규먼트:  -Djava.util.logging.config.file=C:\KOSTA224\WAS\web-tomcat\conf\logging.properties
15-Sep-2021 10:43:45.348 정보 [main] org.apache.catalina.startup.VersionLoggerListener.log 명령 행 아규먼트:  -Djava.util.logging.manager=org.apache.juli.ClassLoaderLogManager
15-Sep-2021 10:43:45.349 정보 [main] org.apache.catalina.startup.VersionLoggerListener.log 명령 행 아규먼트:  -Djdk.tls.ephemeralDHKeySize=2048
15-Sep-2021 10:43:45.349 정보 [main] org.apache.catalina.startup.VersionLoggerListener.log 명령 행 아규먼트:  -Djava.protocol.handler.pkgs=org.apache.catalina.webresources
15-Sep-2021 10:43:45.350 정보 [main] org.apache.catalina.startup.VersionLoggerListener.log 명령 행 아규먼트:  -Dignore.endorsed.dirs=
15-Sep-2021 10:43:45.350 정보 [main] org.apache.catalina.startup.VersionLoggerListener.log 명령 행 아규먼트:  -Dcatalina.base=C:\KOSTA224\WAS\web-tomcat
15-Sep-2021 10:43:45.351 정보 [main] org.apache.catalina.startup.VersionLoggerListener.log 명령 행 아규먼트:  -Dcatalina.home=C:\KOSTA224\WAS\web-tomcat
15-Sep-2021 10:43:45.351 정보 [main] org.apache.catalina.startup.VersionLoggerListener.log 명령 행 아규먼트:  -Djava.io.tmpdir=C:\KOSTA224\WAS\web-tomcat\temp
15-Sep-2021 10:43:45.352 정보 [main] org.apache.catalina.core.AprLifecycleListener.lifecycleEvent 프로덕션 환경들에서 최적의 성능을 제공하는, APR 기반 Apache Tomcat Native 라이브러리가, 다음 java.library.path에서 발견되지 않습니다: [C:\Program Files\Java\jdk1.8.0_301\bin;C:\windows\Sun\Java\bin;C:\windows\system32;C:\windows;C:\oraclexe\app\oracle\product\11.2.0\server\bin;;C:\Program Files (x86)\Common Files\Oracle\Java\javapath;C:\Program Files (x86)\Common Files\Intel\Shared Libraries\redist\intel64\compiler;C:\Users\MIN\AppData\Local\Programs\Python\Python39\Scripts\;C:\Users\MIN\AppData\Local\Programs\Python\Python39\;C:\windows\system32;C:\windows;C:\windows\System32\Wbem;C:\windows\System32\WindowsPowerShell\v1.0\;C:\windows\System32\OpenSSH\;C:\Program Files\Git\cmd;C:\Program Files (x86)\Bitvise SSH Client;C:\HashiCorp\Vagrant\bin;C:\Program Files\Amazon\AWSCLIV2\;C:\Users\MIN\zip-3.0-bin\bin;C:\Program Files (x86)\NetSarang\Xshell 7\;C:\Program Files (x86)\nodejs\;C:\ProgramData\chocolatey\bin;C:\Program Files\Memurai\;C:\Program Files\Docker\Docker\resources\bin;C:\ProgramData\DockerDesktop\version-bin;C:\Program Files\Java\jdk1.8.0_301\bin;C:\Users\MIN\AppData\Local\Microsoft\WindowsApps;C:\Users\MIN\AppData\Local\Programs\Microsoft VS Code\bin;C:\Program Files\Bandizip\;C:\Users\MIN\anaconda3\Library\bin;C:\Users\MIN\anaconda3\Scripts;C:\Users\MIN\anaconda3\condabin;C:\Users\MIN\AppData\Local\GitHubDesktop\bin;C:\Users\MIN\multi_work\socat;C:\Program Files\nodejs;C:\Users\MIN\AppData\Roaming\npm;.]
15-Sep-2021 10:43:45.487 정보 [main] org.apache.coyote.AbstractProtocol.init 프로토콜 핸들러 ["http-nio-8888"]을(를) 초기화합니다.
15-Sep-2021 10:43:46.135 정보 [main] org.apache.tomcat.util.net.NioSelectorPool.getSharedSelector Using a shared selector for servlet write/read
15-Sep-2021 10:43:46.149 정보 [main] org.apache.catalina.startup.Catalina.load Initialization processed in 1180 ms
15-Sep-2021 10:43:46.221 정보 [main] org.apache.catalina.core.StandardService.startInternal 서비스 [Catalina]을(를) 시작합니다.
15-Sep-2021 10:43:46.233 정보 [main] org.apache.catalina.core.StandardEngine.startInternal 서버 엔진을 시작합니다: [Apache Tomcat/8.5.70]
15-Sep-2021 10:43:46.436 정보 [localhost-startStop-1] org.apache.catalina.startup.HostConfig.deployDirectory 웹 애플리케이션 디렉토리 [C:\KOSTA224\WAS\web-tomcat\webapps\docs]을(를) 배치합니다.
15-Sep-2021 10:43:46.473 정보 [localhost-startStop-1] org.apache.catalina.startup.HostConfig.deployDirectory 웹 애플리케이션 디렉토리 [C:\KOSTA224\WAS\web-tomcat\webapps\docs]에 대한 배치가 [36] 밀리초에 완료되었습니다.
15-Sep-2021 10:43:46.477 정보 [localhost-startStop-1] org.apache.catalina.startup.HostConfig.deployDirectory 웹 애플리케이션 디렉토리 [C:\KOSTA224\WAS\web-tomcat\webapps\examples]을(를) 배치합니다.
15-Sep-2021 10:43:46.794 정보 [localhost-startStop-1] org.apache.catalina.startup.HostConfig.deployDirectory 웹 애플리케이션 디렉토리 [C:\KOSTA224\WAS\web-tomcat\webapps\examples]에 대한 배치가 [317] 밀리초에 완료되었습니다.
15-Sep-2021 10:43:46.799 정보 [localhost-startStop-1] org.apache.catalina.startup.HostConfig.deployDirectory 웹 애플리케이션 디렉토리 [C:\KOSTA224\WAS\web-tomcat\webapps\host-manager]을(를) 배치합니다.
15-Sep-2021 10:43:46.831 정보 [localhost-startStop-1] org.apache.catalina.startup.HostConfig.deployDirectory 웹 애플리케이션 디렉토리 [C:\KOSTA224\WAS\web-tomcat\webapps\host-manager]에 대한 배치가 [32] 밀리초에 완료되었습니다.
15-Sep-2021 10:43:46.833 정보 [localhost-startStop-1] org.apache.catalina.startup.HostConfig.deployDirectory 웹 애플리케이션 디렉토리 [C:\KOSTA224\WAS\web-tomcat\webapps\manager]을(를) 배치합니다.
15-Sep-2021 10:43:46.857 정보 [localhost-startStop-1] org.apache.catalina.startup.HostConfig.deployDirectory 웹 애플리케이션 디렉토리 [C:\KOSTA224\WAS\web-tomcat\webapps\manager]에 대한 배치가 [23] 밀리초에 완료되었습니다.
15-Sep-2021 10:43:46.858 정보 [localhost-startStop-1] org.apache.catalina.startup.HostConfig.deployDirectory 웹 애플리케이션 디렉토리 [C:\KOSTA224\WAS\web-tomcat\webapps\ROOT]을(를) 배치합니다.
15-Sep-2021 10:43:46.877 정보 [localhost-startStop-1] org.apache.catalina.startup.HostConfig.deployDirectory 웹 애플리케이션 디렉토리 [C:\KOSTA224\WAS\web-tomcat\webapps\ROOT]에 대한 배치가 [19] 밀리초에 완료되었습니다.
15-Sep-2021 10:43:46.884 정보 [main] org.apache.coyote.AbstractProtocol.start 프로토콜 핸들러 ["http-nio-8888"]을(를) 시작합니다.
15-Sep-2021 10:43:46.891 정보 [main] org.apache.catalina.startup.Catalina.start Server startup in 741 ms
15-Sep-2021 11:54:37.164 정보 [Thread-4] org.apache.coyote.AbstractProtocol.pause 프로토콜 핸들러 ["http-nio-8888"]을(를) 일시 정지 중
15-Sep-2021 11:54:37.671 정보 [Thread-4] org.apache.catalina.core.StandardService.stopInternal 서비스 [Catalina]을(를) 중지시킵니다.
15-Sep-2021 11:54:37.691 정보 [Thread-4] org.apache.coyote.AbstractProtocol.stop 프로토콜 핸들러 ["http-nio-8888"]을(를) 중지시킵니다.
15-Sep-2021 11:54:37.699 정보 [Thread-4] org.apache.coyote.AbstractProtocol.destroy 프로토콜 핸들러 ["http-nio-8888"]을(를) 소멸시킵니다.
15-Sep-2021 11:54:58.334 심각 [main] org.apache.catalina.startup.Catalina.stopServer Could not contact [localhost:8005]. Tomcat may not be running.
15-Sep-2021 11:54:58.339 심각 [main] org.apache.catalina.startup.Catalina.stopServer Catalina.stop: 
	java.net.ConnectException: Connection refused: connect
		at java.net.DualStackPlainSocketImpl.connect0(Native Method)
		at java.net.DualStackPlainSocketImpl.socketConnect(DualStackPlainSocketImpl.java:75)
		at java.net.AbstractPlainSocketImpl.doConnect(AbstractPlainSocketImpl.java:476)
		at java.net.AbstractPlainSocketImpl.connectToAddress(AbstractPlainSocketImpl.java:218)
		at java.net.AbstractPlainSocketImpl.connect(AbstractPlainSocketImpl.java:200)
		at java.net.PlainSocketImpl.connect(PlainSocketImpl.java:162)
		at java.net.SocksSocketImpl.connect(SocksSocketImpl.java:394)
		at java.net.Socket.connect(Socket.java:606)
		at java.net.Socket.connect(Socket.java:555)
		at java.net.Socket.<init>(Socket.java:451)
		at java.net.Socket.<init>(Socket.java:228)
		at org.apache.catalina.startup.Catalina.stopServer(Catalina.java:504)
		at sun.reflect.NativeMethodAccessorImpl.invoke0(Native Method)
		at sun.reflect.NativeMethodAccessorImpl.invoke(NativeMethodAccessorImpl.java:62)
		at sun.reflect.DelegatingMethodAccessorImpl.invoke(DelegatingMethodAccessorImpl.java:43)
		at java.lang.reflect.Method.invoke(Method.java:498)
		at org.apache.catalina.startup.Bootstrap.stopServer(Bootstrap.java:391)
		at org.apache.catalina.startup.Bootstrap.main(Bootstrap.java:481)
